<?xml version="1.0" encoding="UTF-8"?>
<testsuite name="tourGuide.TestPerformance" tests="2" skipped="0" failures="0" errors="0" timestamp="2023-05-12T15:08:47" hostname="DESKTOP-JNH5MAO" time="52.99">
  <properties/>
  <testcase name="highVolumeTrackLocation" classname="tourGuide.TestPerformance" time="0.345"/>
  <testcase name="highVolumeGetRewards" classname="tourGuide.TestPerformance" time="52.645"/>
  <system-out><![CDATA[17:08:48.074 [Test worker] INFO tourGuide.service.TourGuideService - TestMode enabled
17:08:48.081 [Test worker] DEBUG tourGuide.service.TourGuideService - Initializing users
17:08:48.272 [Test worker] DEBUG tourGuide.service.TourGuideService - Created 10000 internal test users.
17:08:48.272 [Test worker] DEBUG tourGuide.service.TourGuideService - Finished initializing users
17:08:48.293 [pool-3-thread-1] DEBUG tourGuide.tracker.Tracker - Begin Tracker. Tracking 10000 users.
17:08:48.322 [pool-3-thread-1] DEBUG tourGuide.tracker.Tracker - Tracker Time Elapsed: 0 seconds.
highVolumeTrackLocation: Time Elapsed: 0 seconds.
17:08:48.323 [pool-3-thread-1] DEBUG tourGuide.tracker.Tracker - Tracker sleeping
17:08:48.324 [Test worker] INFO tourGuide.service.TourGuideService - TestMode enabled
17:08:48.324 [Test worker] DEBUG tourGuide.service.TourGuideService - Initializing users
17:08:48.378 [Test worker] DEBUG tourGuide.service.TourGuideService - Created 10000 internal test users.
17:08:48.378 [Test worker] DEBUG tourGuide.service.TourGuideService - Finished initializing users
17:08:48.381 [pool-6-thread-1] DEBUG tourGuide.tracker.Tracker - Begin Tracker. Tracking 10000 users.
17:08:48.416 [pool-6-thread-1] DEBUG tourGuide.tracker.Tracker - Tracker Time Elapsed: 0 seconds.
17:08:48.416 [pool-6-thread-1] DEBUG tourGuide.tracker.Tracker - Tracker sleeping
highVolumeGetRewards: Time Elapsed: 52 seconds.
]]></system-out>
  <system-err><![CDATA[mai 12, 2023 5:08:48 PM org.javamoney.moneta.DefaultMonetaryContextFactory createMonetaryContextNonNullConfig
INFOS: Using custom MathContext: precision=256, roundingMode=HALF_EVEN
]]></system-err>
</testsuite>
